2024-10-07 15:53:11 [INFO] [ForgeModLoader] Forge Mod Loader version 4.7.35.556 for Minecraft 1.4.7 loading
2024-10-07 15:53:11 [FINEST] [ForgeModLoader] All core mods are successfully located
2024-10-07 15:53:11 [FINEST] [ForgeModLoader] Discovering coremods
2024-10-07 15:53:11 [FINEST] [ForgeModLoader] Found a candidate coremod CodeChickenCore 0.8.1.6.jar-mapped-volde_layered_0.0+2dc147c3.jar
2024-10-07 15:53:11 [FINEST] [ForgeModLoader] Loading coremod CodeChickenCore 0.8.1.6.jar-mapped-volde_layered_0.0+2dc147c3.jar
2024-10-07 15:53:11 [FINEST] [ForgeModLoader] Loaded coremod CodeChickenCore 0.8.1.6.jar-mapped-volde_layered_0.0+2dc147c3.jar
2024-10-07 15:53:11 [FINEST] [ForgeModLoader] Found a candidate coremod NotEnoughItems 1.4.7.4.jar-mapped-volde_layered_0.0+2dc147c3.jar
2024-10-07 15:53:11 [FINEST] [ForgeModLoader] Loading coremod NotEnoughItems 1.4.7.4.jar-mapped-volde_layered_0.0+2dc147c3.jar
2024-10-07 15:53:11 [FINEST] [ForgeModLoader] Loaded coremod NotEnoughItems 1.4.7.4.jar-mapped-volde_layered_0.0+2dc147c3.jar
2024-10-07 15:53:11 [FINEST] [ForgeModLoader] Found library file argo-2.25.jar present and correct in lib dir
2024-10-07 15:53:11 [FINEST] [ForgeModLoader] Found library file guava-12.0.1.jar present and correct in lib dir
2024-10-07 15:53:11 [FINEST] [ForgeModLoader] Found library file asm-all-4.0.jar present and correct in lib dir
2024-10-07 15:53:11 [FINEST] [ForgeModLoader] Found library file bcprov-jdk15on-147.jar present and correct in lib dir
2024-10-07 15:53:11 [FINEST] [ForgeModLoader] Running coremod plugins
2024-10-07 15:53:11 [FINEST] [ForgeModLoader] Running coremod plugin FMLCorePlugin
2024-10-07 15:53:11 [SEVERE] [ForgeModLoader] FML appears to be missing any signature data. This is not a good thing
2024-10-07 15:53:11 [FINEST] [ForgeModLoader] Coremod plugin FMLCorePlugin run successfully
2024-10-07 15:53:11 [FINEST] [ForgeModLoader] Running coremod plugin FMLForgePlugin
2024-10-07 15:53:11 [FINEST] [ForgeModLoader] Coremod plugin FMLForgePlugin run successfully
2024-10-07 15:53:11 [FINEST] [ForgeModLoader] Running coremod plugin CodeChickenCorePlugin
2024-10-07 15:53:11 [INFO] [STDOUT] Adding Accesstransformer map: codechickencore_at.cfg
2024-10-07 15:53:11 [FINEST] [ForgeModLoader] Coremod plugin CodeChickenCorePlugin run successfully
2024-10-07 15:53:11 [FINEST] [ForgeModLoader] Running coremod plugin NEICorePlugin
2024-10-07 15:53:11 [INFO] [STDOUT] Adding Accesstransformer map: nei_at.cfg
2024-10-07 15:53:11 [FINEST] [ForgeModLoader] Coremod plugin NEICorePlugin run successfully
2024-10-07 15:53:11 [FINEST] [ForgeModLoader] Validating minecraft
2024-10-07 15:53:11 [FINEST] [ForgeModLoader] Minecraft validated, launching...
2024-10-07 15:53:11 [INFO] [STDERR] Exception in thread "main" cpw.mods.fml.relauncher.ReflectionHelper$UnableToFindClassException: java.lang.ClassNotFoundException: net.minecraft.client.Minecraft
2024-10-07 15:53:11 [INFO] [STDERR] 	at cpw.mods.fml.relauncher.ReflectionHelper.getClass(ReflectionHelper.java:159)
2024-10-07 15:53:11 [INFO] [STDERR] 	at cpw.mods.fml.relauncher.FMLRelauncher.setupNewClientHome(FMLRelauncher.java:122)
2024-10-07 15:53:11 [INFO] [STDERR] 	at cpw.mods.fml.relauncher.FMLRelauncher.relaunchClient(FMLRelauncher.java:94)
2024-10-07 15:53:11 [INFO] [STDERR] 	at cpw.mods.fml.relauncher.FMLRelauncher.handleClientRelaunch(FMLRelauncher.java:26)
2024-10-07 15:53:11 [INFO] [STDERR] 	at net.minecraft.client.Minecraft.main(Minecraft.java:2243)
2024-10-07 15:53:11 [INFO] [STDERR] Caused by: java.lang.ClassNotFoundException: net.minecraft.client.Minecraft
2024-10-07 15:53:11 [INFO] [STDERR] 	at cpw.mods.fml.relauncher.RelaunchClassLoader.findClass(RelaunchClassLoader.java:185)
2024-10-07 15:53:11 [INFO] [STDERR] 	at java.lang.ClassLoader.loadClass(ClassLoader.java:418)
2024-10-07 15:53:11 [INFO] [STDERR] 	at java.lang.ClassLoader.loadClass(ClassLoader.java:351)
2024-10-07 15:53:11 [INFO] [STDERR] 	at java.lang.Class.forName0(Native Method)
2024-10-07 15:53:11 [INFO] [STDERR] 	at java.lang.Class.forName(Class.java:348)
2024-10-07 15:53:11 [INFO] [STDERR] 	at cpw.mods.fml.relauncher.ReflectionHelper.getClass(ReflectionHelper.java:151)
2024-10-07 15:53:11 [INFO] [STDERR] 	... 4 more
2024-10-07 15:53:11 [INFO] [STDERR] Caused by: java.lang.NullPointerException
2024-10-07 15:53:11 [INFO] [STDERR] 	at codechicken.core.asm.FeatureHackTransformer.transformer003(FeatureHackTransformer.java:161)
2024-10-07 15:53:11 [INFO] [STDERR] 	at codechicken.core.asm.FeatureHackTransformer.transform(FeatureHackTransformer.java:75)
2024-10-07 15:53:11 [INFO] [STDERR] 	at cpw.mods.fml.relauncher.RelaunchClassLoader.runTransformers(RelaunchClassLoader.java:228)
2024-10-07 15:53:11 [INFO] [STDERR] 	at cpw.mods.fml.relauncher.RelaunchClassLoader.findClass(RelaunchClassLoader.java:173)
2024-10-07 15:53:11 [INFO] [STDERR] 	... 9 more
